<?xml version="1.0" encoding="UTF-8"?>
<!-- Generated by org.testng.reporters.JUnitXMLReporter -->
<testsuite hostname="Admin-PC" ignored="0" name="Login Page Test" tests="3" failures="0" timestamp="20 Nov 2019 08:11:11 GMT" time="30.127" errors="0">
  <testcase name="verifyGetTitle" time="0.049" classname="com.tests.LoginPageTest"/>
  <testcase name="verifyLoginToGCR" time="1.366" classname="com.tests.LoginPageTest"/>
  <testcase name="verifyLoginToGCR" time="1.32" classname="com.tests.LoginPageTest"/>
</testsuite> <!-- Login Page Test -->
