<?xml version="1.0" encoding="UTF-8"?>
<testng-results skipped="0" failed="0" ignored="0" total="1" passed="1">
  <reporter-output>
  </reporter-output>
  <suite name="Default suite" duration-ms="12544" started-at="2019-11-20T09:33:30Z" finished-at="2019-11-20T09:33:43Z">
    <groups>
    </groups>
    <test name="Default test" duration-ms="12544" started-at="2019-11-20T09:33:30Z" finished-at="2019-11-20T09:33:43Z">
      <class name="com.tests.CustomersPageTest">
        <test-method status="PASS" signature="setup()[pri:0, instance:com.tests.CustomersPageTest@464bee09]" name="setup" is-config="true" duration-ms="12070" started-at="2019-11-20T09:33:30Z" finished-at="2019-11-20T09:33:43Z">
          <reporter-output>
          </reporter-output>
        </test-method> <!-- setup -->
        <test-method status="PASS" signature="verifyGetAllCustomersSize()[pri:0, instance:com.tests.CustomersPageTest@464bee09]" name="verifyGetAllCustomersSize" duration-ms="55" started-at="2019-11-20T09:33:43Z" finished-at="2019-11-20T09:33:43Z">
          <reporter-output>
          </reporter-output>
        </test-method> <!-- verifyGetAllCustomersSize -->
        <test-method status="PASS" signature="tearDown()[pri:0, instance:com.tests.CustomersPageTest@464bee09]" name="tearDown" is-config="true" duration-ms="389" started-at="2019-11-20T09:33:43Z" finished-at="2019-11-20T09:33:43Z">
          <reporter-output>
          </reporter-output>
        </test-method> <!-- tearDown -->
      </class> <!-- com.tests.CustomersPageTest -->
    </test> <!-- Default test -->
  </suite> <!-- Default suite -->
</testng-results>
